{"is_start": 1, "name": "pitasc_root-140519452463184", "time": "2016-12-08 15:36:55,856"}
{"is_start": 1, "name": "main-140519318497296", "time": "2016-12-08 15:36:55,856"}
{"is_start": 1, "name": "skill_move_ptp-140519318064784", "time": "2016-12-08 15:36:55,857"}
{"is_start": 0, "name": "skill_move_ptp-140519318064784", "time": "2016-12-08 15:37:00,813"}
{"is_start": 1, "name": "skill_move_to-140519318116048", "time": "2016-12-08 15:37:00,813"}
{"is_start": 0, "name": "skill_move_to-140519318116048", "time": "2016-12-08 15:37:05,460"}
{"is_start": 1, "name": "skill_idle_duration-140519318117520", "time": "2016-12-08 15:37:05,461"}
{"is_start": 0, "name": "skill_idle_duration-140519318117520", "time": "2016-12-08 15:37:06,493"}
{"is_start": 1, "name": "skill_approach-140519318117776", "time": "2016-12-08 15:37:06,494"}
{"is_start": 1, "name": "approach-140519318184080", "time": "2016-12-08 15:37:06,495"}
{"is_start": 0, "name": "approach-140519318184080", "time": "2016-12-08 15:37:07,277"}
{"is_start": 1, "name": "target-140519318185232", "time": "2016-12-08 15:37:07,277"}
{"is_start": 0, "name": "target-140519318185232", "time": "2016-12-08 15:37:08,789"}
{"is_start": 0, "name": "skill_approach-140519318117776", "time": "2016-12-08 15:37:08,790"}
{"is_start": 0, "name": "main-140519318497296", "time": "2016-12-08 15:37:08,791"}
{"is_start": 0, "name": "pitasc_root-140519452463184", "time": "2016-12-08 15:37:08,791"}
{"is_start": 1, "name": "pitasc_root-140034874515600", "time": "2016-12-08 15:37:13,516"}
{"is_start": 1, "name": "main-140034141771792", "time": "2016-12-08 15:37:13,518"}
{"is_start": 1, "name": "skill_move_ptp-140034132950928", "time": "2016-12-08 15:37:13,519"}
{"is_start": 0, "name": "skill_move_ptp-140034132950928", "time": "2016-12-08 15:37:18,498"}
{"is_start": 1, "name": "skill_move_to-140034132989712", "time": "2016-12-08 15:37:18,498"}
{"is_start": 0, "name": "skill_move_to-140034132989712", "time": "2016-12-08 15:37:22,818"}
{"is_start": 1, "name": "skill_idle_duration-140034132991184", "time": "2016-12-08 15:37:22,818"}
{"is_start": 0, "name": "skill_idle_duration-140034132991184", "time": "2016-12-08 15:37:23,842"}
{"is_start": 1, "name": "skill_approach-140034132991440", "time": "2016-12-08 15:37:23,843"}
{"is_start": 1, "name": "approach-140034132991760", "time": "2016-12-08 15:37:23,844"}
{"is_start": 0, "name": "approach-140034132991760", "time": "2016-12-08 15:37:24,634"}
{"is_start": 1, "name": "target-140034133062992", "time": "2016-12-08 15:37:24,635"}
{"is_start": 0, "name": "target-140034133062992", "time": "2016-12-08 15:37:26,146"}
{"is_start": 0, "name": "skill_approach-140034132991440", "time": "2016-12-08 15:37:26,146"}
{"is_start": 0, "name": "main-140034141771792", "time": "2016-12-08 15:37:26,147"}
{"is_start": 0, "name": "pitasc_root-140034874515600", "time": "2016-12-08 15:37:26,147"}
{"is_start": 1, "name": "pitasc_root-139839916703888", "time": "2016-12-08 15:37:30,786"}
{"is_start": 1, "name": "main-139839707486288", "time": "2016-12-08 15:37:30,786"}
{"is_start": 1, "name": "skill_move_ptp-139839707058128", "time": "2016-12-08 15:37:30,786"}
{"is_start": 0, "name": "skill_move_ptp-139839707058128", "time": "2016-12-08 15:37:35,786"}
{"is_start": 1, "name": "skill_move_to-139839707092880", "time": "2016-12-08 15:37:35,786"}
{"is_start": 0, "name": "skill_move_to-139839707092880", "time": "2016-12-08 15:37:40,170"}
{"is_start": 1, "name": "skill_idle_duration-139839707094224", "time": "2016-12-08 15:37:40,171"}
{"is_start": 0, "name": "skill_idle_duration-139839707094224", "time": "2016-12-08 15:37:41,194"}
{"is_start": 1, "name": "skill_approach-139839707094480", "time": "2016-12-08 15:37:41,194"}
{"is_start": 1, "name": "approach-139839707094800", "time": "2016-12-08 15:37:41,195"}
{"is_start": 0, "name": "approach-139839707094800", "time": "2016-12-08 15:37:41,978"}
{"is_start": 1, "name": "target-139839707166160", "time": "2016-12-08 15:37:41,978"}
{"is_start": 0, "name": "target-139839707166160", "time": "2016-12-08 15:37:43,490"}
{"is_start": 0, "name": "skill_approach-139839707094480", "time": "2016-12-08 15:37:43,491"}
{"is_start": 0, "name": "main-139839707486288", "time": "2016-12-08 15:37:43,491"}
{"is_start": 0, "name": "pitasc_root-139839916703888", "time": "2016-12-08 15:37:43,492"}
