{"is_start": 1, "name": "0", "time": "2016-12-14 10:23:25,250"}
{"is_start": 1, "name": "main", "time": "2016-12-14 10:23:25,252"}
{"is_start": 1, "name": "move_to_start_1", "time": "2016-12-14 10:23:25,269"}
{"is_start": 0, "name": "move_to_start_1", "time": "2016-12-14 10:23:29,756"}
{"is_start": 1, "name": "mount_h_vac_with_deviation_y", "time": "2016-12-14 10:23:29,758"}
{"is_start": 1, "name": "learning_phase", "time": "2016-12-14 10:23:29,764"}
{"is_start": 1, "name": "approach", "time": "2016-12-14 10:23:29,769"}
{"is_start": 0, "name": "approach", "time": "2016-12-14 10:23:40,656"}
{"is_start": 1, "name": "contact_z", "time": "2016-12-14 10:23:40,658"}
{"is_start": 0, "name": "contact_z", "time": "2016-12-14 10:23:41,503"}
{"is_start": 1, "name": "contact_y", "time": "2016-12-14 10:23:41,510"}
{"is_start": 0, "name": "contact_y", "time": "2016-12-14 10:23:42,031"}
{"is_start": 1, "name": "contact_-y", "time": "2016-12-14 10:23:42,035"}
{"is_start": 0, "name": "contact_-y", "time": "2016-12-14 10:23:44,420"}
{"is_start": 1, "name": "no_contact_y", "time": "2016-12-14 10:23:44,423"}
{"is_start": 0, "name": "no_contact_y", "time": "2016-12-14 10:23:46,515"}
{"is_start": 1, "name": "rot_insertion", "time": "2016-12-14 10:23:46,533"}
{"is_start": 0, "name": "rot_insertion", "time": "2016-12-14 10:23:53,939"}
{"is_start": 1, "name": "push_hard_z", "time": "2016-12-14 10:23:53,944"}
{"is_start": 0, "name": "push_hard_z", "time": "2016-12-14 10:23:58,751"}
{"is_start": 1, "name": "close_lid", "time": "2016-12-14 10:23:58,757"}
{"is_start": 0, "name": "close_lid", "time": "2016-12-14 10:24:02,216"}
{"is_start": 0, "name": "learning_phase", "time": "2016-12-14 10:24:02,220"}
{"is_start": 1, "name": "mount_h_vac_done", "time": "2016-12-14 10:24:02,225"}
{"is_start": 0, "name": "mount_h_vac_done", "time": "2016-12-14 10:24:05,235"}
{"is_start": 1, "name": "production_phase", "time": "2016-12-14 10:24:05,244"}
{"is_start": 1, "name": "extraction", "time": "2016-12-14 10:24:05,257"}
{"is_start": 0, "name": "extraction", "time": "2016-12-14 10:24:09,784"}
{"is_start": 1, "name": "playback_start_position", "time": "2016-12-14 10:24:09,786"}
{"is_start": 0, "name": "playback_start_position", "time": "2016-12-14 10:24:11,329"}
{"is_start": 1, "name": "playback_approach", "time": "2016-12-14 10:24:11,332"}
{"is_start": 0, "name": "playback_approach", "time": "2016-12-14 10:24:16,581"}
{"is_start": 1, "name": "playback_start_closing_lid", "time": "2016-12-14 10:24:16,583"}
{"is_start": 0, "name": "playback_start_closing_lid", "time": "2016-12-14 10:24:19,241"}
{"is_start": 1, "name": "playback_semi_closing_lid", "time": "2016-12-14 10:24:19,244"}
{"is_start": 0, "name": "playback_semi_closing_lid", "time": "2016-12-14 10:24:22,279"}
{"is_start": 1, "name": "playback_fully_closing_lid", "time": "2016-12-14 10:24:22,282"}
{"is_start": 0, "name": "playback_fully_closing_lid", "time": "2016-12-14 10:24:23,705"}
{"is_start": 0, "name": "production_phase", "time": "2016-12-14 10:24:23,706"}
{"is_start": 1, "name": "playback_mount_h_vac_done", "time": "2016-12-14 10:24:23,711"}
{"is_start": 0, "name": "playback_mount_h_vac_done", "time": "2016-12-14 10:24:26,739"}
{"is_start": 0, "name": "mount_h_vac_with_deviation_y", "time": "2016-12-14 10:24:26,740"}
{"is_start": 1, "name": "extraction_after_with_deviation", "time": "2016-12-14 10:24:26,746"}
{"is_start": 0, "name": "extraction_after_with_deviation", "time": "2016-12-14 10:24:27,911"}
{"is_start": 0, "name": "main", "time": "2016-12-14 10:24:27,913"}
{"is_start": 0, "name": "0", "time": "2016-12-14 10:24:27,914"}
